<?xml version="1.0" encoding="UTF-8"?>
<!-- Generated by org.testng.reporters.JUnitXMLReporter -->
<testsuite ignored="0" hostname="DESKTOP-460RESB" failures="0" tests="3" name="Default test" time="109.762" errors="0" timestamp="2024-07-28T21:58:34 GMT-03:00">
  <testcase classname="com.github.marcosws.singleregistration.suite.testng.TestNGCucumberTests" name="scenario" time="53.417"/>
  <testcase classname="com.github.marcosws.singleregistration.suite.testng.TestNGCucumberTests" name="scenario" time="63.1"/>
  <testcase classname="com.github.marcosws.singleregistration.suite.testng.TestNGCucumberTests" name="scenario" time="108.839"/>
</testsuite> <!-- Default test -->
