<?xml version="1.0" encoding="UTF-8"?>
<!-- Generated by org.testng.reporters.JUnitXMLReporter -->
<testsuite ignored="0" hostname="DESKTOP-460RESB" failures="0" tests="2" name="Default test" time="40.97" errors="0" timestamp="2024-07-21T22:03:57 GMT-03:00">
  <testcase classname="com.github.marcosws.singleregistration.suite.testng.TestNGCucumberTests" name="scenario" time="23.667"/>
  <testcase classname="com.github.marcosws.singleregistration.suite.testng.TestNGCucumberTests" name="scenario" time="16.771"/>
</testsuite> <!-- Default test -->
