<?xml version="1.0" encoding="UTF-8"?>
<!-- Generated by org.testng.reporters.JUnitXMLReporter -->
<testsuite ignored="0" hostname="DESKTOP-460RESB" failures="0" tests="2" name="test1" time="69.403" errors="0" timestamp="2024-07-21T21:56:09 GMT-03:00">
  <testcase classname="com.github.marcosws.singleregistration.suite.testng.TestNGCucumberTests" name="scenario" time="50.553"/>
  <testcase classname="com.github.marcosws.singleregistration.suite.testng.TestNGCucumberTests" name="scenario" time="18.102"/>
</testsuite> <!-- test1 -->
