<?xml version="1.0" encoding="UTF-8"?>
<!-- Generated by org.testng.reporters.JUnitXMLReporter -->
<testsuite ignored="0" hostname="DESKTOP-460RESB" failures="0" tests="11" name="Command line test" time="171.722" errors="0" timestamp="2024-07-28T02:22:56 GMT-03:00">
  <testcase classname="com.github.marcosws.singleregistration.suite.testng.TestNGCucumberTests" name="scenario" time="91.291"/>
  <testcase classname="com.github.marcosws.singleregistration.suite.testng.TestNGCucumberTests" name="scenario" time="91.291"/>
  <testcase classname="com.github.marcosws.singleregistration.suite.testng.TestNGCucumberTests" name="scenario" time="91.291"/>
  <testcase classname="com.github.marcosws.singleregistration.suite.testng.TestNGCucumberTests" name="scenario" time="91.301"/>
  <testcase classname="com.github.marcosws.singleregistration.suite.testng.TestNGCucumberTests" name="scenario" time="43.88"/>
  <testcase classname="com.github.marcosws.singleregistration.suite.testng.TestNGCucumberTests" name="scenario" time="43.899"/>
  <testcase classname="com.github.marcosws.singleregistration.suite.testng.TestNGCucumberTests" name="scenario" time="44.04"/>
  <testcase classname="com.github.marcosws.singleregistration.suite.testng.TestNGCucumberTests" name="scenario" time="44.726"/>
  <testcase classname="com.github.marcosws.singleregistration.suite.testng.TestNGCucumberTests" name="scenario" time="34.721"/>
  <testcase classname="com.github.marcosws.singleregistration.suite.testng.TestNGCucumberTests" name="scenario" time="35.549"/>
  <testcase classname="com.github.marcosws.singleregistration.suite.testng.TestNGCucumberTests" name="scenario" time="35.426"/>
</testsuite> <!-- Command line test -->
