<?xml version="1.0" encoding="UTF-8"?>
<!-- Generated by org.testng.reporters.JUnitXMLReporter -->
<testsuite ignored="0" hostname="DESKTOP-460RESB" failures="0" tests="2" name="Command line test" time="34.079" errors="0" timestamp="2024-07-21T22:47:23 GMT-03:00">
  <testcase classname="com.github.marcosws.singleregistration.suite.testng.TestNGCucumberTests" name="scenario" time="17.368"/>
  <testcase classname="com.github.marcosws.singleregistration.suite.testng.TestNGCucumberTests" name="scenario" time="16.175"/>
</testsuite> <!-- Command line test -->
