<?xml version="1.0" encoding="UTF-8"?>
<testng-results ignored="0" total="2" passed="2" failed="0" skipped="0">
  <reporter-output>
  </reporter-output>
  <suite started-at="2024-07-21T22:46:49 GMT-03:00" name="Command line suite" finished-at="2024-07-21T22:47:23 GMT-03:00" duration-ms="34079">
    <groups>
      <group name="cucumber">
        <method signature="TestNGCucumberTests.scenario(io.cucumber.testng.PickleWrapper,io.cucumber.testng.FeatureWrapper)[pri:0, instance:com.github.marcosws.singleregistration.suite.TestSuite@49139829]" name="scenario" class="com.github.marcosws.singleregistration.suite.testng.TestNGCucumberTests"/>
      </group> <!-- cucumber -->
    </groups>
    <test started-at="2024-07-21T22:46:49 GMT-03:00" name="Command line test" finished-at="2024-07-21T22:47:23 GMT-03:00" duration-ms="34079">
      <class name="com.github.marcosws.singleregistration.suite.TestSuite">
        <test-method is-config="true" signature="setUpClass()[pri:0, instance:com.github.marcosws.singleregistration.suite.TestSuite@49139829]" started-at="2024-07-21T22:46:49 GMT-03:00" name="setUpClass" finished-at="2024-07-21T22:46:50 GMT-03:00" duration-ms="441" status="PASS">
          <reporter-output>
          </reporter-output>
        </test-method> <!-- setUpClass -->
        <test-method signature="scenario(io.cucumber.testng.PickleWrapper,io.cucumber.testng.FeatureWrapper)[pri:0, instance:com.github.marcosws.singleregistration.suite.TestSuite@49139829]" started-at="2024-07-21T22:46:50 GMT-03:00" name="scenario" description="Runs Cucumber Scenarios" data-provider="scenarios" finished-at="2024-07-21T22:47:07 GMT-03:00" duration-ms="17368" status="PASS">
          <params>
            <param index="0">
              <value>
                <![CDATA["Realizar o cadastro de cliente para pessoa física sem parametrização (Apresentar caixa de dialogo) preenchendo todos os campos com dados válidos."]]>
              </value>
            </param>
            <param index="1">
              <value>
                <![CDATA["realizar o cadastro de cliente no Cadastro Único"]]>
              </value>
            </param>
          </params>
          <reporter-output>
          </reporter-output>
        </test-method> <!-- scenario -->
        <test-method signature="scenario(io.cucumber.testng.PickleWrapper,io.cucumber.testng.FeatureWrapper)[pri:0, instance:com.github.marcosws.singleregistration.suite.TestSuite@49139829]" started-at="2024-07-21T22:47:07 GMT-03:00" name="scenario" description="Runs Cucumber Scenarios" data-provider="scenarios" finished-at="2024-07-21T22:47:23 GMT-03:00" duration-ms="16175" status="PASS">
          <params>
            <param index="0">
              <value>
                <![CDATA["Realizar o cadastro de cliente para pessoa física sem parametrização (Apresentar caixa de dialogo) omitindo o preenchimento do campo Nome e preenchendo demais campos com dados válidos."]]>
              </value>
            </param>
            <param index="1">
              <value>
                <![CDATA["realizar o cadastro de cliente no Cadastro Único"]]>
              </value>
            </param>
          </params>
          <reporter-output>
          </reporter-output>
        </test-method> <!-- scenario -->
        <test-method is-config="true" signature="tearDownClass()[pri:0, instance:com.github.marcosws.singleregistration.suite.TestSuite@49139829]" started-at="2024-07-21T22:47:23 GMT-03:00" name="tearDownClass" finished-at="2024-07-21T22:47:23 GMT-03:00" duration-ms="53" status="PASS">
          <reporter-output>
          </reporter-output>
        </test-method> <!-- tearDownClass -->
      </class> <!-- com.github.marcosws.singleregistration.suite.TestSuite -->
    </test> <!-- Command line test -->
  </suite> <!-- Command line suite -->
</testng-results>
